[   252.105] (WW) Failed to open protocol names file lib/xorg/protocol.txt
[   252.105] 
X.Org X Server 1.20.10
X Protocol Version 11, Revision 0
[   252.105] Build Operating System: Linux Arch Linux
[   252.105] Current Operating System: Linux ASUSx510u 5.4.85-1-lts #1 SMP Mon, 21 Dec 2020 19:28:35 +0000 x86_64
[   252.105] Kernel command line: BOOT_IMAGE=/vmlinuz-linux-lts root=UUID=d4e95a98-94a8-4ae0-ad76-e869b5428d21 rw loglevel=3 quiet
[   252.106] Build Date: 14 December 2020  12:10:29PM
[   252.106]  
[   252.106] Current version of pixman: 0.40.0
[   252.106] 	Before reporting problems, check http://wiki.x.org
	to make sure that you have the latest version.
[   252.106] Markers: (--) probed, (**) from config file, (==) default setting,
	(++) from command line, (!!) notice, (II) informational,
	(WW) warning, (EE) error, (NI) not implemented, (??) unknown.
[   252.106] (==) Log file: "/home/hasib/.local/share/xorg/Xorg.0.log", Time: Wed Dec 23 08:38:27 2020
[   252.106] (==) Using config directory: "/etc/X11/xorg.conf.d"
[   252.106] (==) Using system config directory "/usr/share/X11/xorg.conf.d"
[   252.106] (==) No Layout section.  Using the first Screen section.
[   252.106] (==) No screen section available. Using defaults.
[   252.106] (**) |-->Screen "Default Screen Section" (0)
[   252.106] (**) |   |-->Monitor "<default monitor>"
[   252.106] (==) No monitor specified for screen "Default Screen Section".
	Using a default monitor configuration.
[   252.106] (==) Automatically adding devices
[   252.106] (==) Automatically enabling devices
[   252.106] (==) Automatically adding GPU devices
[   252.106] (==) Automatically binding GPU devices
[   252.106] (==) Max clients allowed: 256, resource mask: 0x1fffff
[   252.106] (WW) The directory "/usr/share/fonts/misc" does not exist.
[   252.106] 	Entry deleted from font path.
[   252.106] (WW) `fonts.dir' not found (or not valid) in "/usr/share/fonts/TTF".
[   252.106] 	Entry deleted from font path.
[   252.106] 	(Run 'mkfontdir' on "/usr/share/fonts/TTF").
[   252.106] (WW) The directory "/usr/share/fonts/OTF" does not exist.
[   252.106] 	Entry deleted from font path.
[   252.106] (WW) The directory "/usr/share/fonts/Type1" does not exist.
[   252.106] 	Entry deleted from font path.
[   252.106] (WW) The directory "/usr/share/fonts/100dpi" does not exist.
[   252.106] 	Entry deleted from font path.
[   252.106] (WW) The directory "/usr/share/fonts/75dpi" does not exist.
[   252.106] 	Entry deleted from font path.
[   252.106] (==) FontPath set to:
	
[   252.106] (==) ModulePath set to "/usr/lib/xorg/modules"
[   252.106] (II) The server relies on udev to provide the list of input devices.
	If no devices become available, reconfigure udev or disable AutoAddDevices.
[   252.106] (II) Module ABI versions:
[   252.106] 	X.Org ANSI C Emulation: 0.4
[   252.106] 	X.Org Video Driver: 24.1
[   252.106] 	X.Org XInput driver : 24.1
[   252.106] 	X.Org Server Extension : 10.0
[   252.107] (++) using VT number 1

[   252.108] (II) systemd-logind: took control of session /org/freedesktop/login1/session/_33
[   252.109] (II) xfree86: Adding drm device (/dev/dri/card0)
[   252.109] (II) systemd-logind: got fd for /dev/dri/card0 226:0 fd 10 paused 0
[   252.109] (II) xfree86: Adding drm device (/dev/dri/card1)
[   252.110] (II) systemd-logind: got fd for /dev/dri/card1 226:1 fd 11 paused 0
[   252.111] (--) PCI:*(0@0:2:0) 8086:5916:1043:145e rev 2, Mem @ 0xed000000/16777216, 0xc0000000/268435456, I/O @ 0x0000f000/64, BIOS @ 0x????????/131072
[   252.111] (--) PCI: (1@0:0:0) 10de:134d:1043:145e rev 162, Mem @ 0xee000000/16777216, 0xd0000000/268435456, 0xe0000000/33554432, I/O @ 0x0000e000/128, BIOS @ 0x????????/524288
[   252.111] (WW) Open ACPI failed (/var/run/acpid.socket) (No such file or directory)
[   252.111] (II) LoadModule: "glx"
[   252.112] (II) Loading /usr/lib/xorg/modules/extensions/libglx.so
[   252.113] (II) Module glx: vendor="X.Org Foundation"
[   252.113] 	compiled for 1.20.10, module version = 1.0.0
[   252.113] 	ABI class: X.Org Server Extension, version 10.0
[   252.113] (==) Matched intel as autoconfigured driver 0
[   252.113] (==) Matched nouveau as autoconfigured driver 1
[   252.113] (==) Matched nv as autoconfigured driver 2
[   252.113] (==) Matched modesetting as autoconfigured driver 3
[   252.113] (==) Matched fbdev as autoconfigured driver 4
[   252.113] (==) Matched vesa as autoconfigured driver 5
[   252.113] (==) Assigned the driver to the xf86ConfigLayout
[   252.113] (II) LoadModule: "intel"
[   252.113] (WW) Warning, couldn't open module intel
[   252.113] (EE) Failed to load module "intel" (module does not exist, 0)
[   252.113] (II) LoadModule: "nouveau"
[   252.113] (WW) Warning, couldn't open module nouveau
[   252.113] (EE) Failed to load module "nouveau" (module does not exist, 0)
[   252.113] (II) LoadModule: "nv"
[   252.113] (WW) Warning, couldn't open module nv
[   252.113] (EE) Failed to load module "nv" (module does not exist, 0)
[   252.113] (II) LoadModule: "modesetting"
[   252.113] (II) Loading /usr/lib/xorg/modules/drivers/modesetting_drv.so
[   252.113] (II) Module modesetting: vendor="X.Org Foundation"
[   252.113] 	compiled for 1.20.10, module version = 1.20.10
[   252.113] 	Module class: X.Org Video Driver
[   252.113] 	ABI class: X.Org Video Driver, version 24.1
[   252.113] (II) LoadModule: "fbdev"
[   252.113] (WW) Warning, couldn't open module fbdev
[   252.113] (EE) Failed to load module "fbdev" (module does not exist, 0)
[   252.113] (II) LoadModule: "vesa"
[   252.113] (WW) Warning, couldn't open module vesa
[   252.113] (EE) Failed to load module "vesa" (module does not exist, 0)
[   252.113] (II) modesetting: Driver for Modesetting Kernel Drivers: kms
[   252.113] (II) modeset(0): using drv /dev/dri/card0
[   252.113] (II) modeset(G0): using drv /dev/dri/card1
[   252.113] (WW) VGA arbiter: cannot open kernel arbiter, no multi-card support
[   252.114] (II) modeset(0): Creating default Display subsection in Screen section
	"Default Screen Section" for depth/fbbpp 24/32
[   252.114] (==) modeset(0): Depth 24, (==) framebuffer bpp 32
[   252.114] (==) modeset(0): RGB weight 888
[   252.114] (==) modeset(0): Default visual is TrueColor
[   252.114] (II) Loading sub module "glamoregl"
[   252.114] (II) LoadModule: "glamoregl"
[   252.114] (II) Loading /usr/lib/xorg/modules/libglamoregl.so
[   252.116] (II) Module glamoregl: vendor="X.Org Foundation"
[   252.116] 	compiled for 1.20.10, module version = 1.0.1
[   252.116] 	ABI class: X.Org ANSI C Emulation, version 0.4
[   252.156] (II) modeset(0): glamor X acceleration enabled on Mesa Intel(R) HD Graphics 620 (KBL GT2)
[   252.156] (II) modeset(0): glamor initialized
[   252.157] (II) modeset(0): Output eDP-1 has no monitor section
[   252.184] (II) modeset(0): Output HDMI-1 has no monitor section
[   252.184] (II) modeset(0): EDID for output eDP-1
[   252.184] (II) modeset(0): Manufacturer: AUO  Model: 21ed  Serial#: 0
[   252.184] (II) modeset(0): Year: 2016  Week: 0
[   252.184] (II) modeset(0): EDID Version: 1.4
[   252.184] (II) modeset(0): Digital Display Input
[   252.184] (II) modeset(0): 6 bits per channel
[   252.184] (II) modeset(0): Digital interface is DisplayPort
[   252.184] (II) modeset(0): Max Image Size [cm]: horiz.: 34  vert.: 19
[   252.184] (II) modeset(0): Gamma: 2.20
[   252.184] (II) modeset(0): No DPMS capabilities specified
[   252.184] (II) modeset(0): Supported color encodings: RGB 4:4:4 
[   252.184] (II) modeset(0): First detailed timing is preferred mode
[   252.184] (II) modeset(0): Preferred mode is native pixel format and refresh rate
[   252.184] (II) modeset(0): redX: 0.580 redY: 0.347   greenX: 0.352 greenY: 0.570
[   252.184] (II) modeset(0): blueX: 0.159 blueY: 0.131   whiteX: 0.313 whiteY: 0.329
[   252.184] (II) modeset(0): Manufacturer's mask: 0
[   252.184] (II) modeset(0): Supported detailed timing:
[   252.184] (II) modeset(0): clock: 141.0 MHz   Image Size:  344 x 193 mm
[   252.184] (II) modeset(0): h_active: 1920  h_sync: 2028  h_sync_end 2076 h_blank_end 2086 h_border: 0
[   252.184] (II) modeset(0): v_active: 1080  v_sync: 1090  v_sync_end 1100 v_blanking: 1126 v_border: 0
[   252.184] (II) modeset(0): Unknown vendor-specific block f
[   252.184] (II) modeset(0):  AUO
[   252.185] (II) modeset(0):  B156HAN02.1
[   252.185] (II) modeset(0): EDID (in hex):
[   252.185] (II) modeset(0): 	00ffffffffffff0006afed2100000000
[   252.185] (II) modeset(0): 	001a01049522137802b0e594585a9228
[   252.185] (II) modeset(0): 	21505400000001010101010101010101
[   252.185] (II) modeset(0): 	010101010101143780a670382e406c30
[   252.185] (II) modeset(0): 	aa0058c1100000180000000f00000000
[   252.185] (II) modeset(0): 	00000000000000000020000000fe0041
[   252.185] (II) modeset(0): 	554f0a202020202020202020000000fe
[   252.185] (II) modeset(0): 	004231353648414e30322e31200a008e
[   252.185] (II) modeset(0): Printing probed modes for output eDP-1
[   252.185] (II) modeset(0): Modeline "1920x1080"x60.0  141.00  1920 2028 2076 2086  1080 1090 1100 1126 -hsync -vsync (67.6 kHz eP)
[   252.185] (II) modeset(0): Modeline "1920x1080"x120.0  356.38  1920 2080 2288 2656  1080 1081 1084 1118 doublescan -hsync +vsync (134.2 kHz d)
[   252.185] (II) modeset(0): Modeline "1920x1080"x119.9  266.50  1920 1944 1960 2000  1080 1081 1084 1111 doublescan +hsync -vsync (133.2 kHz d)
[   252.185] (II) modeset(0): Modeline "1920x1080"x60.0  173.00  1920 2048 2248 2576  1080 1083 1088 1120 -hsync +vsync (67.2 kHz d)
[   252.185] (II) modeset(0): Modeline "1920x1080"x59.9  138.50  1920 1968 2000 2080  1080 1083 1088 1111 +hsync -vsync (66.6 kHz d)
[   252.185] (II) modeset(0): Modeline "1680x1050"x60.0  146.25  1680 1784 1960 2240  1050 1053 1059 1089 -hsync +vsync (65.3 kHz d)
[   252.185] (II) modeset(0): Modeline "1680x1050"x59.9  119.00  1680 1728 1760 1840  1050 1053 1059 1080 +hsync -vsync (64.7 kHz d)
[   252.185] (II) modeset(0): Modeline "1400x1050"x60.0  122.00  1400 1488 1640 1880  1050 1052 1064 1082 +hsync +vsync (64.9 kHz d)
[   252.185] (II) modeset(0): Modeline "1600x900"x120.0  246.00  1600 1728 1900 2200  900 901 904 932 doublescan -hsync +vsync (111.8 kHz d)
[   252.185] (II) modeset(0): Modeline "1600x900"x119.9  186.50  1600 1624 1640 1680  900 901 904 926 doublescan +hsync -vsync (111.0 kHz d)
[   252.185] (II) modeset(0): Modeline "1600x900"x59.9  118.25  1600 1696 1856 2112  900 903 908 934 -hsync +vsync (56.0 kHz d)
[   252.185] (II) modeset(0): Modeline "1600x900"x59.8   97.50  1600 1648 1680 1760  900 903 908 926 +hsync -vsync (55.4 kHz d)
[   252.185] (II) modeset(0): Modeline "1280x1024"x60.0  108.00  1280 1328 1440 1688  1024 1025 1028 1066 +hsync +vsync (64.0 kHz d)
[   252.185] (II) modeset(0): Modeline "1400x900"x60.0  103.50  1400 1480 1624 1848  900 903 913 934 -hsync +vsync (56.0 kHz d)
[   252.185] (II) modeset(0): Modeline "1400x900"x59.9   86.50  1400 1448 1480 1560  900 903 913 926 +hsync -vsync (55.4 kHz d)
[   252.185] (II) modeset(0): Modeline "1280x960"x60.0  108.00  1280 1376 1488 1800  960 961 964 1000 +hsync +vsync (60.0 kHz d)
[   252.185] (II) modeset(0): Modeline "1440x810"x120.0  198.12  1440 1548 1704 1968  810 811 814 839 doublescan -hsync +vsync (100.7 kHz d)
[   252.185] (II) modeset(0): Modeline "1440x810"x119.9  151.88  1440 1464 1480 1520  810 811 814 833 doublescan +hsync -vsync (99.9 kHz d)
[   252.185] (II) modeset(0): Modeline "1368x768"x59.9   85.25  1368 1440 1576 1784  768 771 781 798 -hsync +vsync (47.8 kHz d)
[   252.185] (II) modeset(0): Modeline "1368x768"x59.9   72.25  1368 1416 1448 1528  768 771 781 790 +hsync -vsync (47.3 kHz d)
[   252.185] (II) modeset(0): Modeline "1280x800"x120.0  174.25  1280 1380 1516 1752  800 801 804 829 doublescan -hsync +vsync (99.5 kHz d)
[   252.185] (II) modeset(0): Modeline "1280x800"x119.9  134.25  1280 1304 1320 1360  800 801 804 823 doublescan +hsync -vsync (98.7 kHz d)
[   252.185] (II) modeset(0): Modeline "1280x800"x59.8   83.50  1280 1352 1480 1680  800 803 809 831 -hsync +vsync (49.7 kHz d)
[   252.185] (II) modeset(0): Modeline "1280x800"x59.9   71.00  1280 1328 1360 1440  800 803 809 823 +hsync -vsync (49.3 kHz d)
[   252.185] (II) modeset(0): Modeline "1280x720"x120.0  156.12  1280 1376 1512 1744  720 721 724 746 doublescan -hsync +vsync (89.5 kHz d)
[   252.185] (II) modeset(0): Modeline "1280x720"x120.0  120.75  1280 1304 1320 1360  720 721 724 740 doublescan +hsync -vsync (88.8 kHz d)
[   252.185] (II) modeset(0): Modeline "1280x720"x59.9   74.50  1280 1344 1472 1664  720 723 728 748 -hsync +vsync (44.8 kHz d)
[   252.185] (II) modeset(0): Modeline "1280x720"x59.7   63.75  1280 1328 1360 1440  720 723 728 741 +hsync -vsync (44.3 kHz d)
[   252.185] (II) modeset(0): Modeline "1024x768"x120.1  133.47  1024 1100 1212 1400  768 768 770 794 doublescan -hsync +vsync (95.3 kHz d)
[   252.185] (II) modeset(0): Modeline "1024x768"x60.0   65.00  1024 1048 1184 1344  768 771 777 806 -hsync -vsync (48.4 kHz d)
[   252.185] (II) modeset(0): Modeline "960x720"x120.0  117.00  960 1024 1128 1300  720 720 722 750 doublescan -hsync +vsync (90.0 kHz d)
[   252.185] (II) modeset(0): Modeline "928x696"x120.1  109.15  928 976 1088 1264  696 696 698 719 doublescan -hsync +vsync (86.4 kHz d)
[   252.185] (II) modeset(0): Modeline "896x672"x120.0  102.40  896 960 1060 1224  672 672 674 697 doublescan -hsync +vsync (83.7 kHz d)
[   252.185] (II) modeset(0): Modeline "1024x576"x119.9   98.50  1024 1092 1200 1376  576 577 580 597 doublescan -hsync +vsync (71.6 kHz d)
[   252.185] (II) modeset(0): Modeline "1024x576"x119.9   78.38  1024 1048 1064 1104  576 577 580 592 doublescan +hsync -vsync (71.0 kHz d)
[   252.185] (II) modeset(0): Modeline "1024x576"x59.9   46.50  1024 1064 1160 1296  576 579 584 599 -hsync +vsync (35.9 kHz d)
[   252.185] (II) modeset(0): Modeline "1024x576"x59.8   42.00  1024 1072 1104 1184  576 579 584 593 +hsync -vsync (35.5 kHz d)
[   252.185] (II) modeset(0): Modeline "960x600"x119.9   96.62  960 1028 1128 1296  600 601 604 622 doublescan -hsync +vsync (74.6 kHz d)
[   252.185] (II) modeset(0): Modeline "960x600"x120.0   77.00  960 984 1000 1040  600 601 604 617 doublescan +hsync -vsync (74.0 kHz d)
[   252.185] (II) modeset(0): Modeline "960x540"x119.9   86.50  960 1024 1124 1288  540 541 544 560 doublescan -hsync +vsync (67.2 kHz d)
[   252.185] (II) modeset(0): Modeline "960x540"x120.0   69.25  960 984 1000 1040  540 541 544 555 doublescan +hsync -vsync (66.6 kHz d)
[   252.185] (II) modeset(0): Modeline "960x540"x59.6   40.75  960 992 1088 1216  540 543 548 562 -hsync +vsync (33.5 kHz d)
[   252.185] (II) modeset(0): Modeline "960x540"x59.8   37.25  960 1008 1040 1120  540 543 548 556 +hsync -vsync (33.3 kHz d)
[   252.185] (II) modeset(0): Modeline "800x600"x120.0   81.00  800 832 928 1080  600 600 602 625 doublescan +hsync +vsync (75.0 kHz d)
[   252.185] (II) modeset(0): Modeline "800x600"x60.3   40.00  800 840 968 1056  600 601 605 628 +hsync +vsync (37.9 kHz d)
[   252.185] (II) modeset(0): Modeline "800x600"x56.2   36.00  800 824 896 1024  600 601 603 625 +hsync +vsync (35.2 kHz d)
[   252.185] (II) modeset(0): Modeline "840x525"x120.0   73.12  840 892 980 1120  525 526 529 544 doublescan -hsync +vsync (65.3 kHz d)
[   252.185] (II) modeset(0): Modeline "840x525"x119.8   59.50  840 864 880 920  525 526 529 540 doublescan +hsync -vsync (64.7 kHz d)
[   252.185] (II) modeset(0): Modeline "864x486"x59.9   32.50  864 888 968 1072  486 489 494 506 -hsync +vsync (30.3 kHz d)
[   252.185] (II) modeset(0): Modeline "864x486"x59.6   30.50  864 912 944 1024  486 489 494 500 +hsync -vsync (29.8 kHz d)
[   252.185] (II) modeset(0): Modeline "700x525"x120.0   61.00  700 744 820 940  525 526 532 541 doublescan +hsync +vsync (64.9 kHz d)
[   252.185] (II) modeset(0): Modeline "800x450"x119.9   59.12  800 848 928 1056  450 451 454 467 doublescan -hsync +vsync (56.0 kHz d)
[   252.185] (II) modeset(0): Modeline "800x450"x119.6   48.75  800 824 840 880  450 451 454 463 doublescan +hsync -vsync (55.4 kHz d)
[   252.185] (II) modeset(0): Modeline "640x512"x120.0   54.00  640 664 720 844  512 512 514 533 doublescan +hsync +vsync (64.0 kHz d)
[   252.185] (II) modeset(0): Modeline "700x450"x119.9   51.75  700 740 812 924  450 451 456 467 doublescan -hsync +vsync (56.0 kHz d)
[   252.185] (II) modeset(0): Modeline "700x450"x119.8   43.25  700 724 740 780  450 451 456 463 doublescan +hsync -vsync (55.4 kHz d)
[   252.185] (II) modeset(0): Modeline "640x480"x120.0   54.00  640 688 744 900  480 480 482 500 doublescan +hsync +vsync (60.0 kHz d)
[   252.185] (II) modeset(0): Modeline "640x480"x59.9   25.18  640 656 752 800  480 490 492 525 -hsync -vsync (31.5 kHz d)
[   252.185] (II) modeset(0): Modeline "720x405"x59.5   22.50  720 744 808 896  405 408 413 422 -hsync +vsync (25.1 kHz d)
[   252.185] (II) modeset(0): Modeline "720x405"x59.0   21.75  720 768 800 880  405 408 413 419 +hsync -vsync (24.7 kHz d)
[   252.185] (II) modeset(0): Modeline "684x384"x119.8   42.62  684 720 788 892  384 385 390 399 doublescan -hsync +vsync (47.8 kHz d)
[   252.185] (II) modeset(0): Modeline "684x384"x119.7   36.12  684 708 724 764  384 385 390 395 doublescan +hsync -vsync (47.3 kHz d)
[   252.185] (II) modeset(0): Modeline "640x400"x119.8   41.75  640 676 740 840  400 401 404 415 doublescan -hsync +vsync (49.7 kHz d)
[   252.185] (II) modeset(0): Modeline "640x400"x120.0   35.50  640 664 680 720  400 401 404 411 doublescan +hsync -vsync (49.3 kHz d)
[   252.185] (II) modeset(0): Modeline "640x360"x119.7   37.25  640 672 736 832  360 361 364 374 doublescan -hsync +vsync (44.8 kHz d)
[   252.185] (II) modeset(0): Modeline "640x360"x119.7   31.88  640 664 680 720  360 361 364 370 doublescan +hsync -vsync (44.3 kHz d)
[   252.185] (II) modeset(0): Modeline "640x360"x59.8   18.00  640 664 720 800  360 363 368 376 -hsync +vsync (22.5 kHz d)
[   252.185] (II) modeset(0): Modeline "640x360"x59.3   17.75  640 688 720 800  360 363 368 374 +hsync -vsync (22.2 kHz d)
[   252.185] (II) modeset(0): Modeline "512x384"x120.0   32.50  512 524 592 672  384 385 388 403 doublescan -hsync -vsync (48.4 kHz d)
[   252.185] (II) modeset(0): Modeline "512x288"x120.0   23.25  512 532 580 648  288 289 292 299 doublescan -hsync +vsync (35.9 kHz d)
[   252.185] (II) modeset(0): Modeline "512x288"x119.8   21.00  512 536 552 592  288 289 292 296 doublescan +hsync -vsync (35.5 kHz d)
[   252.185] (II) modeset(0): Modeline "480x270"x119.3   20.38  480 496 544 608  270 271 274 281 doublescan -hsync +vsync (33.5 kHz d)
[   252.185] (II) modeset(0): Modeline "480x270"x119.6   18.62  480 504 520 560  270 271 274 278 doublescan +hsync -vsync (33.3 kHz d)
[   252.185] (II) modeset(0): Modeline "400x300"x120.6   20.00  400 420 484 528  300 300 302 314 doublescan +hsync +vsync (37.9 kHz d)
[   252.185] (II) modeset(0): Modeline "400x300"x112.7   18.00  400 412 448 512  300 300 301 312 doublescan +hsync +vsync (35.2 kHz d)
[   252.185] (II) modeset(0): Modeline "432x243"x119.8   16.25  432 444 484 536  243 244 247 253 doublescan -hsync +vsync (30.3 kHz d)
[   252.185] (II) modeset(0): Modeline "432x243"x119.1   15.25  432 456 472 512  243 244 247 250 doublescan +hsync -vsync (29.8 kHz d)
[   252.185] (II) modeset(0): Modeline "320x240"x120.1   12.59  320 328 376 400  240 245 246 262 doublescan -hsync -vsync (31.5 kHz d)
[   252.185] (II) modeset(0): Modeline "360x202"x119.0   11.25  360 372 404 448  202 204 206 211 doublescan -hsync +vsync (25.1 kHz d)
[   252.185] (II) modeset(0): Modeline "360x202"x118.3   10.88  360 384 400 440  202 204 206 209 doublescan +hsync -vsync (24.7 kHz d)
[   252.185] (II) modeset(0): Modeline "320x180"x119.7    9.00  320 332 360 400  180 181 184 188 doublescan -hsync +vsync (22.5 kHz d)
[   252.185] (II) modeset(0): Modeline "320x180"x118.6    8.88  320 344 360 400  180 181 184 187 doublescan +hsync -vsync (22.2 kHz d)
[   252.212] (II) modeset(0): EDID for output HDMI-1
[   252.212] (II) modeset(0): Manufacturer: SKY  Model: 203  Serial#: 16843009
[   252.212] (II) modeset(0): Year: 2016  Week: 1
[   252.212] (II) modeset(0): EDID Version: 1.3
[   252.212] (II) modeset(0): Digital Display Input
[   252.212] (II) modeset(0): Max Image Size [cm]: horiz.: 89  vert.: 50
[   252.212] (II) modeset(0): Gamma: 2.20
[   252.212] (II) modeset(0): No DPMS capabilities specified
[   252.212] (II) modeset(0): Supported color encodings: RGB 4:4:4 YCrCb 4:4:4 
[   252.212] (II) modeset(0): First detailed timing is preferred mode
[   252.212] (II) modeset(0): redX: 0.640 redY: 0.330   greenX: 0.300 greenY: 0.600
[   252.212] (II) modeset(0): blueX: 0.150 blueY: 0.060   whiteX: 0.280 whiteY: 0.300
[   252.212] (II) modeset(0): Supported established timings:
[   252.212] (II) modeset(0): 720x400@70Hz
[   252.212] (II) modeset(0): 640x480@60Hz
[   252.212] (II) modeset(0): 640x480@75Hz
[   252.212] (II) modeset(0): 800x600@56Hz
[   252.212] (II) modeset(0): 800x600@60Hz
[   252.212] (II) modeset(0): 800x600@72Hz
[   252.212] (II) modeset(0): 800x600@75Hz
[   252.212] (II) modeset(0): 1024x768@60Hz
[   252.212] (II) modeset(0): 1024x768@70Hz
[   252.212] (II) modeset(0): 1024x768@75Hz
[   252.212] (II) modeset(0): 1280x1024@75Hz
[   252.212] (II) modeset(0): Manufacturer's mask: 0
[   252.212] (II) modeset(0): Supported standard timings:
[   252.212] (II) modeset(0): #0: hsize: 640  vsize 480  refresh: 60  vid: 16433
[   252.212] (II) modeset(0): #1: hsize: 800  vsize 600  refresh: 60  vid: 16453
[   252.212] (II) modeset(0): #2: hsize: 1024  vsize 768  refresh: 60  vid: 16481
[   252.212] (II) modeset(0): #3: hsize: 1280  vsize 800  refresh: 60  vid: 129
[   252.212] (II) modeset(0): #4: hsize: 1280  vsize 1024  refresh: 60  vid: 32897
[   252.212] (II) modeset(0): #5: hsize: 1920  vsize 1080  refresh: 60  vid: 49361
[   252.212] (II) modeset(0): Supported detailed timing:
[   252.212] (II) modeset(0): clock: 85.5 MHz   Image Size:  885 x 498 mm
[   252.212] (II) modeset(0): h_active: 1360  h_sync: 1424  h_sync_end 1536 h_blank_end 1792 h_border: 0
[   252.212] (II) modeset(0): v_active: 768  v_sync: 771  v_sync_end 777 v_blanking: 795 v_border: 0
[   252.212] (II) modeset(0): Supported detailed timing:
[   252.212] (II) modeset(0): clock: 79.5 MHz   Image Size:  885 x 498 mm
[   252.212] (II) modeset(0): h_active: 1280  h_sync: 1344  h_sync_end 1472 h_blank_end 1664 h_border: 0
[   252.212] (II) modeset(0): v_active: 768  v_sync: 771  v_sync_end 778 v_blanking: 798 v_border: 0
[   252.212] (II) modeset(0): Monitor name: TV-monitor
[   252.212] (II) modeset(0): Ranges: V min: 49 V max: 80 Hz, H min: 15 H max: 80 kHz, PixClock max 185 MHz
[   252.212] (II) modeset(0): Supported detailed timing:
[   252.212] (II) modeset(0): clock: 74.2 MHz   Image Size:  885 x 498 mm
[   252.212] (II) modeset(0): h_active: 1280  h_sync: 1720  h_sync_end 1760 h_blank_end 1980 h_border: 0
[   252.212] (II) modeset(0): v_active: 720  v_sync: 725  v_sync_end 730 v_blanking: 750 v_border: 0
[   252.212] (II) modeset(0): Supported detailed timing:
[   252.212] (II) modeset(0): clock: 74.2 MHz   Image Size:  885 x 498 mm
[   252.212] (II) modeset(0): h_active: 1920  h_sync: 2448  h_sync_end 2492 h_blank_end 2640 h_border: 0
[   252.212] (II) modeset(0): v_active: 540  v_sync: 542  v_sync_end 547 v_blanking: 562 v_border: 0
[   252.212] (II) modeset(0): Supported detailed timing:
[   252.212] (II) modeset(0): clock: 27.0 MHz   Image Size:  885 x 498 mm
[   252.212] (II) modeset(0): h_active: 720  h_sync: 736  h_sync_end 798 h_blank_end 858 h_border: 0
[   252.212] (II) modeset(0): v_active: 480  v_sync: 489  v_sync_end 495 v_blanking: 525 v_border: 0
[   252.212] (II) modeset(0): Supported detailed timing:
[   252.212] (II) modeset(0): clock: 148.5 MHz   Image Size:  885 x 498 mm
[   252.212] (II) modeset(0): h_active: 1920  h_sync: 2008  h_sync_end 2052 h_blank_end 2200 h_border: 0
[   252.212] (II) modeset(0): v_active: 1080  v_sync: 1084  v_sync_end 1089 v_blanking: 1125 v_border: 0
[   252.212] (II) modeset(0): Number of EDID sections to follow: 1
[   252.212] (II) modeset(0): EDID (in hex):
[   252.212] (II) modeset(0): 	00ffffffffffff004d79030201010101
[   252.212] (II) modeset(0): 	011a0103805932780aee9fa3544c9926
[   252.212] (II) modeset(0): 	0f474ca7cf0031404540614081008180
[   252.212] (II) modeset(0): 	d1c001010101662150b051001b304070
[   252.212] (II) modeset(0): 	360075f23100001e0e1f008051001e30
[   252.212] (II) modeset(0): 	4080370075f23100001e000000fc0054
[   252.212] (II) modeset(0): 	562d6d6f6e69746f720a2020000000fd
[   252.212] (II) modeset(0): 	0031500f5012000a202020202020019f
[   252.212] (II) modeset(0): 	02032b70510203040506071011121314
[   252.212] (II) modeset(0): 	15161f20212223090707830100006c03
[   252.212] (II) modeset(0): 	0c001000b82dc00c0c0c0c011d00bc52
[   252.212] (II) modeset(0): 	d01e20b828554075f23100001e011d80
[   252.212] (II) modeset(0): 	d0721c1620102c258075f23100009e8c
[   252.212] (II) modeset(0): 	0ad08a20e02d10103e960075f2310000
[   252.212] (II) modeset(0): 	1e023a801871382d40582c450075f231
[   252.212] (II) modeset(0): 	00001e000000000000000000000000f1
[   252.212] (--) modeset(0): HDMI max TMDS frequency 225000KHz
[   252.212] (II) modeset(0): Printing probed modes for output HDMI-1
[   252.212] (II) modeset(0): Modeline "1360x768"x60.0   85.50  1360 1424 1536 1792  768 771 777 795 +hsync +vsync (47.7 kHz eP)
[   252.212] (II) modeset(0): Modeline "1920x1080"x60.0  148.50  1920 2008 2052 2200  1080 1084 1089 1125 +hsync +vsync (67.5 kHz e)
[   252.212] (II) modeset(0): Modeline "1920x1080"x50.0  148.50  1920 2448 2492 2640  1080 1084 1089 1125 +hsync +vsync (56.2 kHz e)
[   252.212] (II) modeset(0): Modeline "1920x1080"x59.9  148.35  1920 2008 2052 2200  1080 1084 1089 1125 +hsync +vsync (67.4 kHz e)
[   252.212] (II) modeset(0): Modeline "1920x1080i"x60.0   74.25  1920 2008 2052 2200  1080 1084 1094 1125 interlace +hsync +vsync (33.8 kHz e)
[   252.212] (II) modeset(0): Modeline "1920x1080i"x50.0   74.25  1920 2448 2492 2640  1080 1084 1094 1125 interlace +hsync +vsync (28.1 kHz e)
[   252.212] (II) modeset(0): Modeline "1920x1080"x30.0   74.25  1920 2008 2052 2200  1080 1084 1089 1125 +hsync +vsync (33.8 kHz e)
[   252.212] (II) modeset(0): Modeline "1920x1080"x25.0   74.25  1920 2448 2492 2640  1080 1084 1089 1125 +hsync +vsync (28.1 kHz e)
[   252.212] (II) modeset(0): Modeline "1920x1080"x24.0   74.25  1920 2558 2602 2750  1080 1084 1089 1125 +hsync +vsync (27.0 kHz e)
[   252.212] (II) modeset(0): Modeline "1920x1080i"x59.9   74.18  1920 2008 2052 2200  1080 1084 1094 1125 interlace +hsync +vsync (33.7 kHz e)
[   252.212] (II) modeset(0): Modeline "1920x1080"x30.0   74.18  1920 2008 2052 2200  1080 1084 1089 1125 +hsync +vsync (33.7 kHz e)
[   252.212] (II) modeset(0): Modeline "1920x1080"x24.0   74.18  1920 2558 2602 2750  1080 1084 1089 1125 +hsync +vsync (27.0 kHz e)
[   252.212] (II) modeset(0): Modeline "1280x1024"x75.0  135.00  1280 1296 1440 1688  1024 1025 1028 1066 +hsync +vsync (80.0 kHz e)
[   252.212] (II) modeset(0): Modeline "1280x1024"x60.0  108.00  1280 1328 1440 1688  1024 1025 1028 1066 +hsync +vsync (64.0 kHz e)
[   252.212] (II) modeset(0): Modeline "1280x800"x59.9   71.00  1280 1328 1360 1440  800 803 809 823 +hsync -vsync (49.3 kHz e)
[   252.212] (II) modeset(0): Modeline "1280x768"x59.9   79.50  1280 1344 1472 1664  768 771 778 798 +hsync +vsync (47.8 kHz e)
[   252.212] (II) modeset(0): Modeline "1280x720"x60.0   74.25  1280 1390 1430 1650  720 725 730 750 +hsync +vsync (45.0 kHz e)
[   252.212] (II) modeset(0): Modeline "1280x720"x50.0   74.25  1280 1720 1760 1980  720 725 730 750 +hsync +vsync (37.5 kHz e)
[   252.212] (II) modeset(0): Modeline "1280x720"x59.9   74.18  1280 1390 1430 1650  720 725 730 750 +hsync +vsync (45.0 kHz e)
[   252.212] (II) modeset(0): Modeline "1024x768"x75.0   78.75  1024 1040 1136 1312  768 769 772 800 +hsync +vsync (60.0 kHz e)
[   252.212] (II) modeset(0): Modeline "1024x768"x70.1   75.00  1024 1048 1184 1328  768 771 777 806 -hsync -vsync (56.5 kHz e)
[   252.212] (II) modeset(0): Modeline "1024x768"x60.0   65.00  1024 1048 1184 1344  768 771 777 806 -hsync -vsync (48.4 kHz e)
[   252.212] (II) modeset(0): Modeline "800x600"x72.2   50.00  800 856 976 1040  600 637 643 666 +hsync +vsync (48.1 kHz e)
[   252.212] (II) modeset(0): Modeline "800x600"x75.0   49.50  800 816 896 1056  600 601 604 625 +hsync +vsync (46.9 kHz e)
[   252.212] (II) modeset(0): Modeline "800x600"x60.3   40.00  800 840 968 1056  600 601 605 628 +hsync +vsync (37.9 kHz e)
[   252.212] (II) modeset(0): Modeline "800x600"x56.2   36.00  800 824 896 1024  600 601 603 625 +hsync +vsync (35.2 kHz e)
[   252.212] (II) modeset(0): Modeline "720x576"x50.0   27.00  720 732 796 864  576 581 586 625 -hsync -vsync (31.2 kHz e)
[   252.212] (II) modeset(0): Modeline "720x576i"x50.0   13.50  720 732 795 864  576 580 586 625 interlace -hsync -vsync (15.6 kHz e)
[   252.212] (II) modeset(0): Modeline "720x480"x60.0   27.03  720 736 798 858  480 489 495 525 -hsync -vsync (31.5 kHz e)
[   252.212] (II) modeset(0): Modeline "720x480"x59.9   27.00  720 736 798 858  480 489 495 525 +hsync +vsync (31.5 kHz e)
[   252.212] (II) modeset(0): Modeline "720x480"x59.9   27.00  720 736 798 858  480 489 495 525 -hsync -vsync (31.5 kHz e)
[   252.212] (II) modeset(0): Modeline "720x480i"x60.0   13.51  720 739 801 858  480 488 494 525 interlace -hsync -vsync (15.8 kHz e)
[   252.212] (II) modeset(0): Modeline "720x480i"x59.9   13.50  720 739 801 858  480 488 494 525 interlace -hsync -vsync (15.7 kHz e)
[   252.212] (II) modeset(0): Modeline "640x480"x75.0   31.50  640 656 720 840  480 481 484 500 -hsync -vsync (37.5 kHz e)
[   252.212] (II) modeset(0): Modeline "640x480"x60.0   25.20  640 656 752 800  480 490 492 525 -hsync -vsync (31.5 kHz e)
[   252.212] (II) modeset(0): Modeline "640x480"x59.9   25.18  640 656 752 800  480 490 492 525 -hsync -vsync (31.5 kHz e)
[   252.212] (II) modeset(0): Modeline "720x400"x70.1   28.32  720 738 846 900  400 412 414 449 -hsync +vsync (31.5 kHz e)
[   252.212] (II) modeset(0): Output eDP-1 connected
[   252.212] (II) modeset(0): Output HDMI-1 connected
[   252.212] (II) modeset(0): Using spanning desktop for initial modes
[   252.212] (II) modeset(0): Output eDP-1 using initial mode 1920x1080 +0+0
[   252.212] (II) modeset(0): Output HDMI-1 using initial mode 1360x768 +1920+0
[   252.212] (==) modeset(0): Using gamma correction (1.0, 1.0, 1.0)
[   252.212] (==) modeset(0): DPI set to (96, 96)
[   252.212] (II) Loading sub module "fb"
[   252.212] (II) LoadModule: "fb"
[   252.213] (II) Loading /usr/lib/xorg/modules/libfb.so
[   252.213] (II) Module fb: vendor="X.Org Foundation"
[   252.213] 	compiled for 1.20.10, module version = 1.0.0
[   252.213] 	ABI class: X.Org ANSI C Emulation, version 0.4
[   252.213] (==) modeset(G0): Depth 24, (==) framebuffer bpp 32
[   252.213] (==) modeset(G0): RGB weight 888
[   252.213] (==) modeset(G0): Default visual is TrueColor
[   252.213] (II) Loading sub module "glamoregl"
[   252.213] (II) LoadModule: "glamoregl"
[   252.213] (II) Loading /usr/lib/xorg/modules/libglamoregl.so
[   252.213] (II) Module glamoregl: vendor="X.Org Foundation"
[   252.213] 	compiled for 1.20.10, module version = 1.0.1
[   252.213] 	ABI class: X.Org ANSI C Emulation, version 0.4
[   252.221] (II) modeset(G0): glamor X acceleration enabled on NV118
[   252.221] (II) modeset(G0): glamor initialized
[   252.221] (==) modeset(G0): Using gamma correction (1.0, 1.0, 1.0)
[   252.221] (==) modeset(G0): DPI set to (96, 96)
[   252.221] (II) Loading sub module "fb"
[   252.221] (II) LoadModule: "fb"
[   252.221] (II) Loading /usr/lib/xorg/modules/libfb.so
[   252.221] (II) Module fb: vendor="X.Org Foundation"
[   252.221] 	compiled for 1.20.10, module version = 1.0.0
[   252.221] 	ABI class: X.Org ANSI C Emulation, version 0.4
[   252.229] (==) modeset(0): Backing store enabled
[   252.229] (==) modeset(0): Silken mouse disabled
[   252.429] (II) modeset(0): Initializing kms color map for depth 24, 8 bpc.
[   252.429] (==) modeset(0): DPMS enabled
[   252.430] (II) modeset(0): [DRI2] Setup complete
[   252.430] (II) modeset(0): [DRI2]   DRI driver: iris
[   252.430] (II) modeset(0): [DRI2]   VDPAU driver: va_gl
[   252.433] (==) modeset(G0): Backing store enabled
[   252.433] (==) modeset(G0): Silken mouse disabled
[   252.433] (II) modeset(G0): Initializing kms color map for depth 24, 8 bpc.
[   252.433] (==) modeset(G0): DPMS enabled
[   252.433] (II) modeset(G0): [DRI2] Setup complete
[   252.433] (II) modeset(G0): [DRI2]   DRI driver: nouveau
[   252.433] (II) modeset(G0): [DRI2]   VDPAU driver: nouveau
[   252.433] (II) Initializing extension Generic Event Extension
[   252.433] (II) Initializing extension SHAPE
[   252.433] (II) Initializing extension MIT-SHM
[   252.433] (II) Initializing extension XInputExtension
[   252.433] (II) Initializing extension XTEST
[   252.433] (II) Initializing extension BIG-REQUESTS
[   252.433] (II) Initializing extension SYNC
[   252.433] (II) Initializing extension XKEYBOARD
[   252.433] (II) Initializing extension XC-MISC
[   252.433] (II) Initializing extension SECURITY
[   252.433] (II) Initializing extension XFIXES
[   252.433] (II) Initializing extension RENDER
[   252.433] (II) Initializing extension RANDR
[   252.433] (II) Initializing extension COMPOSITE
[   252.433] (II) Initializing extension DAMAGE
[   252.433] (II) Initializing extension MIT-SCREEN-SAVER
[   252.433] (II) Initializing extension DOUBLE-BUFFER
[   252.433] (II) Initializing extension RECORD
[   252.433] (II) Initializing extension DPMS
[   252.433] (II) Initializing extension Present
[   252.433] (II) Initializing extension DRI3
[   252.433] (II) Initializing extension X-Resource
[   252.433] (II) Initializing extension XVideo
[   252.433] (II) Initializing extension XVideo-MotionCompensation
[   252.433] (II) Initializing extension GLX
[   252.452] (II) AIGLX: Loaded and initialized iris
[   252.452] (II) GLX: Initialized DRI2 GL provider for screen 0
[   252.452] (II) Initializing extension XFree86-VidModeExtension
[   252.452] (II) Initializing extension XFree86-DGA
[   252.452] (II) Initializing extension XFree86-DRI
[   252.452] (II) Initializing extension DRI2
[   252.454] (II) modeset(G0): Damage tracking initialized
[   252.456] (II) modeset(0): Damage tracking initialized
[   252.456] (II) modeset(0): Setting screen physical size to 867 x 285
[   252.489] (II) config/udev: Adding input device Power Button (/dev/input/event3)
[   252.489] (**) Power Button: Applying InputClass "libinput keyboard catchall"
[   252.489] (**) Power Button: Applying InputClass "system-keyboard"
[   252.489] (II) LoadModule: "libinput"
[   252.489] (II) Loading /usr/lib/xorg/modules/input/libinput_drv.so
[   252.490] (II) Module libinput: vendor="X.Org Foundation"
[   252.490] 	compiled for 1.20.8, module version = 0.30.0
[   252.490] 	Module class: X.Org XInput Driver
[   252.490] 	ABI class: X.Org XInput driver, version 24.1
[   252.490] (II) Using input driver 'libinput' for 'Power Button'
[   252.491] (II) systemd-logind: got fd for /dev/input/event3 13:67 fd 24 paused 0
[   252.491] (**) Power Button: always reports core events
[   252.491] (**) Option "Device" "/dev/input/event3"
[   252.491] (**) Option "_source" "server/udev"
[   252.492] (II) event3  - Power Button: is tagged by udev as: Keyboard
[   252.492] (II) event3  - Power Button: device is a keyboard
[   252.493] (II) event3  - Power Button: device removed
[   252.493] (**) Option "config_info" "udev:/sys/devices/LNXSYSTM:00/LNXPWRBN:00/input/input3/event3"
[   252.493] (II) XINPUT: Adding extended input device "Power Button" (type: KEYBOARD, id 6)
[   252.493] (**) Option "xkb_model" "pc105"
[   252.493] (**) Option "xkb_layout" "us,bd"
[   252.493] (**) Option "xkb_variant" ",probhat"
[   252.493] (**) Option "xkb_options" "grp:alt_space_toggle"
[   252.512] (II) event3  - Power Button: is tagged by udev as: Keyboard
[   252.512] (II) event3  - Power Button: device is a keyboard
[   252.513] (II) config/udev: Adding input device Asus Wireless Radio Control (/dev/input/event5)
[   252.513] (**) Asus Wireless Radio Control: Applying InputClass "libinput keyboard catchall"
[   252.513] (**) Asus Wireless Radio Control: Applying InputClass "system-keyboard"
[   252.513] (II) Using input driver 'libinput' for 'Asus Wireless Radio Control'
[   252.513] (II) systemd-logind: got fd for /dev/input/event5 13:69 fd 27 paused 0
[   252.513] (**) Asus Wireless Radio Control: always reports core events
[   252.513] (**) Option "Device" "/dev/input/event5"
[   252.513] (**) Option "_source" "server/udev"
[   252.514] (II) event5  - Asus Wireless Radio Control: is tagged by udev as: Keyboard
[   252.514] (II) event5  - Asus Wireless Radio Control: device is a keyboard
[   252.514] (II) event5  - Asus Wireless Radio Control: device removed
[   252.514] (**) Option "config_info" "udev:/sys/devices/LNXSYSTM:00/LNXSYBUS:00/ATK4002:00/input/input5/event5"
[   252.514] (II) XINPUT: Adding extended input device "Asus Wireless Radio Control" (type: KEYBOARD, id 7)
[   252.514] (**) Option "xkb_model" "pc105"
[   252.514] (**) Option "xkb_layout" "us,bd"
[   252.514] (**) Option "xkb_variant" ",probhat"
[   252.514] (**) Option "xkb_options" "grp:alt_space_toggle"
[   252.515] (II) event5  - Asus Wireless Radio Control: is tagged by udev as: Keyboard
[   252.515] (II) event5  - Asus Wireless Radio Control: device is a keyboard
[   252.516] (II) config/udev: Adding input device Video Bus (/dev/input/event6)
[   252.516] (**) Video Bus: Applying InputClass "libinput keyboard catchall"
[   252.516] (**) Video Bus: Applying InputClass "system-keyboard"
[   252.516] (II) Using input driver 'libinput' for 'Video Bus'
[   252.517] (II) systemd-logind: got fd for /dev/input/event6 13:70 fd 28 paused 0
[   252.517] (**) Video Bus: always reports core events
[   252.517] (**) Option "Device" "/dev/input/event6"
[   252.517] (**) Option "_source" "server/udev"
[   252.517] (II) event6  - Video Bus: is tagged by udev as: Keyboard
[   252.517] (II) event6  - Video Bus: device is a keyboard
[   252.518] (II) event6  - Video Bus: device removed
[   252.518] (**) Option "config_info" "udev:/sys/devices/LNXSYSTM:00/LNXSYBUS:00/PNP0A08:00/LNXVIDEO:00/input/input6/event6"
[   252.518] (II) XINPUT: Adding extended input device "Video Bus" (type: KEYBOARD, id 8)
[   252.518] (**) Option "xkb_model" "pc105"
[   252.518] (**) Option "xkb_layout" "us,bd"
[   252.518] (**) Option "xkb_variant" ",probhat"
[   252.518] (**) Option "xkb_options" "grp:alt_space_toggle"
[   252.519] (II) event6  - Video Bus: is tagged by udev as: Keyboard
[   252.519] (II) event6  - Video Bus: device is a keyboard
[   252.519] (II) config/udev: Adding input device Lid Switch (/dev/input/event0)
[   252.519] (II) No input driver specified, ignoring this device.
[   252.519] (II) This device may have been added with another device file.
[   252.520] (II) config/udev: Adding input device Video Bus (/dev/input/event7)
[   252.520] (**) Video Bus: Applying InputClass "libinput keyboard catchall"
[   252.520] (**) Video Bus: Applying InputClass "system-keyboard"
[   252.520] (II) Using input driver 'libinput' for 'Video Bus'
[   252.520] (II) systemd-logind: got fd for /dev/input/event7 13:71 fd 29 paused 0
[   252.520] (**) Video Bus: always reports core events
[   252.520] (**) Option "Device" "/dev/input/event7"
[   252.520] (**) Option "_source" "server/udev"
[   252.521] (II) event7  - Video Bus: is tagged by udev as: Keyboard
[   252.521] (II) event7  - Video Bus: device is a keyboard
[   252.522] (II) event7  - Video Bus: device removed
[   252.522] (**) Option "config_info" "udev:/sys/devices/LNXSYSTM:00/LNXSYBUS:00/PNP0A08:00/device:23/LNXVIDEO:01/input/input7/event7"
[   252.522] (II) XINPUT: Adding extended input device "Video Bus" (type: KEYBOARD, id 9)
[   252.522] (**) Option "xkb_model" "pc105"
[   252.522] (**) Option "xkb_layout" "us,bd"
[   252.522] (**) Option "xkb_variant" ",probhat"
[   252.522] (**) Option "xkb_options" "grp:alt_space_toggle"
[   252.523] (II) event7  - Video Bus: is tagged by udev as: Keyboard
[   252.523] (II) event7  - Video Bus: device is a keyboard
[   252.523] (II) config/udev: Adding input device Power Button (/dev/input/event2)
[   252.523] (**) Power Button: Applying InputClass "libinput keyboard catchall"
[   252.523] (**) Power Button: Applying InputClass "system-keyboard"
[   252.523] (II) Using input driver 'libinput' for 'Power Button'
[   252.524] (II) systemd-logind: got fd for /dev/input/event2 13:66 fd 30 paused 0
[   252.524] (**) Power Button: always reports core events
[   252.524] (**) Option "Device" "/dev/input/event2"
[   252.524] (**) Option "_source" "server/udev"
[   252.525] (II) event2  - Power Button: is tagged by udev as: Keyboard
[   252.525] (II) event2  - Power Button: device is a keyboard
[   252.525] (II) event2  - Power Button: device removed
[   252.525] (**) Option "config_info" "udev:/sys/devices/LNXSYSTM:00/LNXSYBUS:00/PNP0C0C:00/input/input2/event2"
[   252.525] (II) XINPUT: Adding extended input device "Power Button" (type: KEYBOARD, id 10)
[   252.525] (**) Option "xkb_model" "pc105"
[   252.525] (**) Option "xkb_layout" "us,bd"
[   252.525] (**) Option "xkb_variant" ",probhat"
[   252.525] (**) Option "xkb_options" "grp:alt_space_toggle"
[   252.526] (II) event2  - Power Button: is tagged by udev as: Keyboard
[   252.526] (II) event2  - Power Button: device is a keyboard
[   252.526] (II) config/udev: Adding input device Sleep Button (/dev/input/event1)
[   252.526] (**) Sleep Button: Applying InputClass "libinput keyboard catchall"
[   252.526] (**) Sleep Button: Applying InputClass "system-keyboard"
[   252.526] (II) Using input driver 'libinput' for 'Sleep Button'
[   252.527] (II) systemd-logind: got fd for /dev/input/event1 13:65 fd 31 paused 0
[   252.527] (**) Sleep Button: always reports core events
[   252.527] (**) Option "Device" "/dev/input/event1"
[   252.527] (**) Option "_source" "server/udev"
[   252.528] (II) event1  - Sleep Button: is tagged by udev as: Keyboard
[   252.528] (II) event1  - Sleep Button: device is a keyboard
[   252.528] (II) event1  - Sleep Button: device removed
[   252.528] (**) Option "config_info" "udev:/sys/devices/LNXSYSTM:00/LNXSYBUS:00/PNP0C0E:00/input/input1/event1"
[   252.528] (II) XINPUT: Adding extended input device "Sleep Button" (type: KEYBOARD, id 11)
[   252.528] (**) Option "xkb_model" "pc105"
[   252.528] (**) Option "xkb_layout" "us,bd"
[   252.528] (**) Option "xkb_variant" ",probhat"
[   252.528] (**) Option "xkb_options" "grp:alt_space_toggle"
[   252.529] (II) event1  - Sleep Button: is tagged by udev as: Keyboard
[   252.529] (II) event1  - Sleep Button: device is a keyboard
[   252.530] (II) config/udev: Adding input device USB2.0 VGA UVC WebCam: USB2.0 V (/dev/input/event9)
[   252.530] (**) USB2.0 VGA UVC WebCam: USB2.0 V: Applying InputClass "libinput keyboard catchall"
[   252.530] (**) USB2.0 VGA UVC WebCam: USB2.0 V: Applying InputClass "system-keyboard"
[   252.530] (II) Using input driver 'libinput' for 'USB2.0 VGA UVC WebCam: USB2.0 V'
[   252.530] (II) systemd-logind: got fd for /dev/input/event9 13:73 fd 32 paused 0
[   252.531] (**) USB2.0 VGA UVC WebCam: USB2.0 V: always reports core events
[   252.531] (**) Option "Device" "/dev/input/event9"
[   252.531] (**) Option "_source" "server/udev"
[   252.532] (II) event9  - USB2.0 VGA UVC WebCam: USB2.0 V: is tagged by udev as: Keyboard
[   252.532] (II) event9  - USB2.0 VGA UVC WebCam: USB2.0 V: device is a keyboard
[   252.532] (II) event9  - USB2.0 VGA UVC WebCam: USB2.0 V: device removed
[   252.532] (**) Option "config_info" "udev:/sys/devices/pci0000:00/0000:00:14.0/usb1/1-6/1-6:1.0/input/input9/event9"
[   252.532] (II) XINPUT: Adding extended input device "USB2.0 VGA UVC WebCam: USB2.0 V" (type: KEYBOARD, id 12)
[   252.532] (**) Option "xkb_model" "pc105"
[   252.532] (**) Option "xkb_layout" "us,bd"
[   252.532] (**) Option "xkb_variant" ",probhat"
[   252.532] (**) Option "xkb_options" "grp:alt_space_toggle"
[   252.533] (II) event9  - USB2.0 VGA UVC WebCam: USB2.0 V: is tagged by udev as: Keyboard
[   252.533] (II) event9  - USB2.0 VGA UVC WebCam: USB2.0 V: device is a keyboard
[   252.534] (II) config/udev: Adding input device ELAN1300:00 04F3:3057 Mouse (/dev/input/event11)
[   252.534] (**) ELAN1300:00 04F3:3057 Mouse: Applying InputClass "libinput pointer catchall"
[   252.534] (II) Using input driver 'libinput' for 'ELAN1300:00 04F3:3057 Mouse'
[   252.534] (II) systemd-logind: got fd for /dev/input/event11 13:75 fd 33 paused 0
[   252.535] (**) ELAN1300:00 04F3:3057 Mouse: always reports core events
[   252.535] (**) Option "Device" "/dev/input/event11"
[   252.535] (**) Option "_source" "server/udev"
[   252.536] (II) event11 - ELAN1300:00 04F3:3057 Mouse: is tagged by udev as: Mouse Pointingstick
[   252.536] (II) event11 - ELAN1300:00 04F3:3057 Mouse: device is a pointer
[   252.537] (II) event11 - ELAN1300:00 04F3:3057 Mouse: device removed
[   252.537] (**) Option "config_info" "udev:/sys/devices/pci0000:00/0000:00:15.1/i2c_designware.1/i2c-2/i2c-ELAN1300:00/0018:04F3:3057.0001/input/input19/event11"
[   252.537] (II) XINPUT: Adding extended input device "ELAN1300:00 04F3:3057 Mouse" (type: MOUSE, id 13)
[   252.537] (**) Option "AccelerationScheme" "none"
[   252.537] (**) ELAN1300:00 04F3:3057 Mouse: (accel) selected scheme none/0
[   252.537] (**) ELAN1300:00 04F3:3057 Mouse: (accel) acceleration factor: 2.000
[   252.537] (**) ELAN1300:00 04F3:3057 Mouse: (accel) acceleration threshold: 4
[   252.538] (II) event11 - ELAN1300:00 04F3:3057 Mouse: is tagged by udev as: Mouse Pointingstick
[   252.538] (II) event11 - ELAN1300:00 04F3:3057 Mouse: device is a pointer
[   252.539] (II) config/udev: Adding input device ELAN1300:00 04F3:3057 Mouse (/dev/input/mouse0)
[   252.539] (II) No input driver specified, ignoring this device.
[   252.539] (II) This device may have been added with another device file.
[   252.540] (II) config/udev: Adding input device ELAN1300:00 04F3:3057 Touchpad (/dev/input/event12)
[   252.540] (**) ELAN1300:00 04F3:3057 Touchpad: Applying InputClass "libinput touchpad catchall"
[   252.540] (**) ELAN1300:00 04F3:3057 Touchpad: Applying InputClass "libinput touchpad catchall"
[   252.540] (II) Using input driver 'libinput' for 'ELAN1300:00 04F3:3057 Touchpad'
[   252.540] (II) systemd-logind: got fd for /dev/input/event12 13:76 fd 34 paused 0
[   252.540] (**) ELAN1300:00 04F3:3057 Touchpad: always reports core events
[   252.540] (**) Option "Device" "/dev/input/event12"
[   252.540] (**) Option "_source" "server/udev"
[   252.542] (II) event12 - ELAN1300:00 04F3:3057 Touchpad: is tagged by udev as: Touchpad
[   252.543] (II) event12 - ELAN1300:00 04F3:3057 Touchpad: device is a touchpad
[   252.543] (II) event12 - ELAN1300:00 04F3:3057 Touchpad: device removed
[   252.543] (**) Option "Tapping" "on"
[   252.543] (**) Option "NaturalScrolling" "on"
[   252.543] (**) Option "config_info" "udev:/sys/devices/pci0000:00/0000:00:15.1/i2c_designware.1/i2c-2/i2c-ELAN1300:00/0018:04F3:3057.0001/input/input20/event12"
[   252.543] (II) XINPUT: Adding extended input device "ELAN1300:00 04F3:3057 Touchpad" (type: TOUCHPAD, id 14)
[   252.544] (**) Option "AccelerationScheme" "none"
[   252.544] (**) ELAN1300:00 04F3:3057 Touchpad: (accel) selected scheme none/0
[   252.544] (**) ELAN1300:00 04F3:3057 Touchpad: (accel) acceleration factor: 2.000
[   252.544] (**) ELAN1300:00 04F3:3057 Touchpad: (accel) acceleration threshold: 4
[   252.545] (II) event12 - ELAN1300:00 04F3:3057 Touchpad: is tagged by udev as: Touchpad
[   252.547] (II) event12 - ELAN1300:00 04F3:3057 Touchpad: device is a touchpad
[   252.547] (II) config/udev: Adding input device ELAN1300:00 04F3:3057 Touchpad (/dev/input/mouse1)
[   252.547] (II) No input driver specified, ignoring this device.
[   252.547] (II) This device may have been added with another device file.
[   252.548] (II) config/udev: Adding input device HDA Intel PCH Mic (/dev/input/event10)
[   252.548] (II) No input driver specified, ignoring this device.
[   252.548] (II) This device may have been added with another device file.
[   252.548] (II) config/udev: Adding input device HDA Intel PCH Headphone (/dev/input/event13)
[   252.548] (II) No input driver specified, ignoring this device.
[   252.548] (II) This device may have been added with another device file.
[   252.548] (II) config/udev: Adding input device HDA Intel PCH HDMI/DP,pcm=3 (/dev/input/event14)
[   252.548] (II) No input driver specified, ignoring this device.
[   252.548] (II) This device may have been added with another device file.
[   252.549] (II) config/udev: Adding input device HDA Intel PCH HDMI/DP,pcm=7 (/dev/input/event15)
[   252.549] (II) No input driver specified, ignoring this device.
[   252.549] (II) This device may have been added with another device file.
[   252.549] (II) config/udev: Adding input device HDA Intel PCH HDMI/DP,pcm=8 (/dev/input/event16)
[   252.549] (II) No input driver specified, ignoring this device.
[   252.549] (II) This device may have been added with another device file.
[   252.549] (II) config/udev: Adding input device HDA Intel PCH HDMI/DP,pcm=9 (/dev/input/event17)
[   252.549] (II) No input driver specified, ignoring this device.
[   252.549] (II) This device may have been added with another device file.
[   252.550] (II) config/udev: Adding input device HDA Intel PCH HDMI/DP,pcm=10 (/dev/input/event18)
[   252.550] (II) No input driver specified, ignoring this device.
[   252.550] (II) This device may have been added with another device file.
[   252.550] (II) config/udev: Adding input device Asus WMI hotkeys (/dev/input/event8)
[   252.550] (**) Asus WMI hotkeys: Applying InputClass "libinput keyboard catchall"
[   252.550] (**) Asus WMI hotkeys: Applying InputClass "system-keyboard"
[   252.550] (II) Using input driver 'libinput' for 'Asus WMI hotkeys'
[   252.551] (II) systemd-logind: got fd for /dev/input/event8 13:72 fd 35 paused 0
[   252.551] (**) Asus WMI hotkeys: always reports core events
[   252.551] (**) Option "Device" "/dev/input/event8"
[   252.551] (**) Option "_source" "server/udev"
[   252.551] (II) event8  - Asus WMI hotkeys: is tagged by udev as: Keyboard
[   252.552] (II) event8  - Asus WMI hotkeys: device is a keyboard
[   252.552] (II) event8  - Asus WMI hotkeys: device removed
[   252.552] (**) Option "config_info" "udev:/sys/devices/platform/asus-nb-wmi/input/input8/event8"
[   252.552] (II) XINPUT: Adding extended input device "Asus WMI hotkeys" (type: KEYBOARD, id 15)
[   252.552] (**) Option "xkb_model" "pc105"
[   252.552] (**) Option "xkb_layout" "us,bd"
[   252.552] (**) Option "xkb_variant" ",probhat"
[   252.552] (**) Option "xkb_options" "grp:alt_space_toggle"
[   252.553] (II) event8  - Asus WMI hotkeys: is tagged by udev as: Keyboard
[   252.553] (II) event8  - Asus WMI hotkeys: device is a keyboard
[   252.553] (II) config/udev: Adding input device AT Translated Set 2 keyboard (/dev/input/event4)
[   252.553] (**) AT Translated Set 2 keyboard: Applying InputClass "libinput keyboard catchall"
[   252.553] (**) AT Translated Set 2 keyboard: Applying InputClass "system-keyboard"
[   252.553] (II) Using input driver 'libinput' for 'AT Translated Set 2 keyboard'
[   252.554] (II) systemd-logind: got fd for /dev/input/event4 13:68 fd 36 paused 0
[   252.554] (**) AT Translated Set 2 keyboard: always reports core events
[   252.554] (**) Option "Device" "/dev/input/event4"
[   252.554] (**) Option "_source" "server/udev"
[   252.555] (II) event4  - AT Translated Set 2 keyboard: is tagged by udev as: Keyboard
[   252.555] (II) event4  - AT Translated Set 2 keyboard: device is a keyboard
[   252.556] (II) event4  - AT Translated Set 2 keyboard: device removed
[   252.556] (**) Option "config_info" "udev:/sys/devices/platform/i8042/serio0/input/input4/event4"
[   252.556] (II) XINPUT: Adding extended input device "AT Translated Set 2 keyboard" (type: KEYBOARD, id 16)
[   252.556] (**) Option "xkb_model" "pc105"
[   252.556] (**) Option "xkb_layout" "us,bd"
[   252.556] (**) Option "xkb_variant" ",probhat"
[   252.556] (**) Option "xkb_options" "grp:alt_space_toggle"
[   252.557] (II) event4  - AT Translated Set 2 keyboard: is tagged by udev as: Keyboard
[   252.557] (II) event4  - AT Translated Set 2 keyboard: device is a keyboard
[   252.825] (II) modeset(0): EDID vendor "SKY", prod id 515
[   252.826] (II) modeset(0): Using EDID range info for horizontal sync
[   252.826] (II) modeset(0): Using EDID range info for vertical refresh
[   252.826] (II) modeset(0): Printing DDC gathered Modelines:
[   252.826] (II) modeset(0): Modeline "1360x768"x0.0   85.50  1360 1424 1536 1792  768 771 777 795 +hsync +vsync (47.7 kHz eP)
[   252.826] (II) modeset(0): Modeline "1280x768"x0.0   79.50  1280 1344 1472 1664  768 771 778 798 +hsync +vsync (47.8 kHz e)
[   252.826] (II) modeset(0): Modeline "1280x720"x0.0   74.25  1280 1720 1760 1980  720 725 730 750 +hsync +vsync (37.5 kHz e)
[   252.826] (II) modeset(0): Modeline "1920x1080i"x0.0   74.25  1920 2448 2492 2640  1080 1084 1094 1125 interlace +hsync +vsync (28.1 kHz e)
[   252.826] (II) modeset(0): Modeline "720x480"x0.0   27.00  720 736 798 858  480 489 495 525 +hsync +vsync (31.5 kHz e)
[   252.826] (II) modeset(0): Modeline "1920x1080"x0.0  148.50  1920 2008 2052 2200  1080 1084 1089 1125 +hsync +vsync (67.5 kHz e)
[   252.826] (II) modeset(0): Modeline "720x480"x0.0   27.00  720 736 798 858  480 489 495 525 -hsync -vsync (31.5 kHz e)
[   252.826] (II) modeset(0): Modeline "1280x720"x0.0   74.25  1280 1390 1430 1650  720 725 730 750 +hsync +vsync (45.0 kHz e)
[   252.826] (II) modeset(0): Modeline "1920x1080i"x0.0   74.25  1920 2008 2052 2200  1080 1084 1094 1125 interlace +hsync +vsync (33.8 kHz e)
[   252.826] (II) modeset(0): Modeline "1440x480i"x0.0   27.00  1440 1478 1602 1716  480 488 494 525 interlace -hsync -vsync (15.7 kHz e)
[   252.826] (II) modeset(0): Modeline "720x576"x0.0   27.00  720 732 796 864  576 581 586 625 -hsync -vsync (31.2 kHz e)
[   252.826] (II) modeset(0): Modeline "1440x576i"x0.0   27.00  1440 1464 1590 1728  576 580 586 625 interlace -hsync -vsync (15.6 kHz e)
[   252.826] (II) modeset(0): Modeline "1920x1080"x0.0  148.50  1920 2448 2492 2640  1080 1084 1089 1125 +hsync +vsync (56.2 kHz e)
[   252.826] (II) modeset(0): Modeline "1920x1080"x0.0   74.25  1920 2558 2602 2750  1080 1084 1089 1125 +hsync +vsync (27.0 kHz e)
[   252.826] (II) modeset(0): Modeline "1920x1080"x0.0   74.25  1920 2448 2492 2640  1080 1084 1089 1125 +hsync +vsync (28.1 kHz e)
[   252.826] (II) modeset(0): Modeline "1920x1080"x0.0   74.25  1920 2008 2052 2200  1080 1084 1089 1125 +hsync +vsync (33.8 kHz e)
[   252.826] (II) modeset(0): Modeline "800x600"x0.0   40.00  800 840 968 1056  600 601 605 628 +hsync +vsync (37.9 kHz e)
[   252.826] (II) modeset(0): Modeline "800x600"x0.0   36.00  800 824 896 1024  600 601 603 625 +hsync +vsync (35.2 kHz e)
[   252.826] (II) modeset(0): Modeline "640x480"x0.0   31.50  640 656 720 840  480 481 484 500 -hsync -vsync (37.5 kHz e)
[   252.826] (II) modeset(0): Modeline "640x480"x0.0   25.18  640 656 752 800  480 490 492 525 -hsync -vsync (31.5 kHz e)
[   252.826] (II) modeset(0): Modeline "720x400"x0.0   28.32  720 738 846 900  400 412 414 449 -hsync +vsync (31.5 kHz e)
[   252.826] (II) modeset(0): Modeline "1280x1024"x0.0  135.00  1280 1296 1440 1688  1024 1025 1028 1066 +hsync +vsync (80.0 kHz e)
[   252.826] (II) modeset(0): Modeline "1024x768"x0.0   78.75  1024 1040 1136 1312  768 769 772 800 +hsync +vsync (60.0 kHz e)
[   252.826] (II) modeset(0): Modeline "1024x768"x0.0   75.00  1024 1048 1184 1328  768 771 777 806 -hsync -vsync (56.5 kHz e)
[   252.826] (II) modeset(0): Modeline "1024x768"x0.0   65.00  1024 1048 1184 1344  768 771 777 806 -hsync -vsync (48.4 kHz e)
[   252.826] (II) modeset(0): Modeline "800x600"x0.0   49.50  800 816 896 1056  600 601 604 625 +hsync +vsync (46.9 kHz e)
[   252.826] (II) modeset(0): Modeline "800x600"x0.0   50.00  800 856 976 1040  600 637 643 666 +hsync +vsync (48.1 kHz e)
[   252.826] (II) modeset(0): Modeline "1280x800"x0.0   71.00  1280 1328 1360 1440  800 803 809 823 +hsync -vsync (49.3 kHz e)
[   252.826] (II) modeset(0): Modeline "1280x1024"x0.0  108.00  1280 1328 1440 1688  1024 1025 1028 1066 +hsync +vsync (64.0 kHz e)
[   252.826] (--) modeset(0): HDMI max TMDS frequency 225000KHz
[   254.721] (II) modeset(0): EDID vendor "SKY", prod id 515
[   254.721] (II) modeset(0): Using hsync ranges from config file
[   254.721] (II) modeset(0): Using vrefresh ranges from config file
[   254.721] (II) modeset(0): Printing DDC gathered Modelines:
[   254.721] (II) modeset(0): Modeline "1360x768"x0.0   85.50  1360 1424 1536 1792  768 771 777 795 +hsync +vsync (47.7 kHz eP)
[   254.721] (II) modeset(0): Modeline "1280x768"x0.0   79.50  1280 1344 1472 1664  768 771 778 798 +hsync +vsync (47.8 kHz e)
[   254.721] (II) modeset(0): Modeline "1280x720"x0.0   74.25  1280 1720 1760 1980  720 725 730 750 +hsync +vsync (37.5 kHz e)
[   254.721] (II) modeset(0): Modeline "1920x1080i"x0.0   74.25  1920 2448 2492 2640  1080 1084 1094 1125 interlace +hsync +vsync (28.1 kHz e)
[   254.721] (II) modeset(0): Modeline "720x480"x0.0   27.00  720 736 798 858  480 489 495 525 +hsync +vsync (31.5 kHz e)
[   254.721] (II) modeset(0): Modeline "1920x1080"x0.0  148.50  1920 2008 2052 2200  1080 1084 1089 1125 +hsync +vsync (67.5 kHz e)
[   254.721] (II) modeset(0): Modeline "720x480"x0.0   27.00  720 736 798 858  480 489 495 525 -hsync -vsync (31.5 kHz e)
[   254.721] (II) modeset(0): Modeline "1280x720"x0.0   74.25  1280 1390 1430 1650  720 725 730 750 +hsync +vsync (45.0 kHz e)
[   254.721] (II) modeset(0): Modeline "1920x1080i"x0.0   74.25  1920 2008 2052 2200  1080 1084 1094 1125 interlace +hsync +vsync (33.8 kHz e)
[   254.721] (II) modeset(0): Modeline "1440x480i"x0.0   27.00  1440 1478 1602 1716  480 488 494 525 interlace -hsync -vsync (15.7 kHz e)
[   254.721] (II) modeset(0): Modeline "720x576"x0.0   27.00  720 732 796 864  576 581 586 625 -hsync -vsync (31.2 kHz e)
[   254.721] (II) modeset(0): Modeline "1440x576i"x0.0   27.00  1440 1464 1590 1728  576 580 586 625 interlace -hsync -vsync (15.6 kHz e)
[   254.721] (II) modeset(0): Modeline "1920x1080"x0.0  148.50  1920 2448 2492 2640  1080 1084 1089 1125 +hsync +vsync (56.2 kHz e)
[   254.721] (II) modeset(0): Modeline "1920x1080"x0.0   74.25  1920 2558 2602 2750  1080 1084 1089 1125 +hsync +vsync (27.0 kHz e)
[   254.721] (II) modeset(0): Modeline "1920x1080"x0.0   74.25  1920 2448 2492 2640  1080 1084 1089 1125 +hsync +vsync (28.1 kHz e)
[   254.721] (II) modeset(0): Modeline "1920x1080"x0.0   74.25  1920 2008 2052 2200  1080 1084 1089 1125 +hsync +vsync (33.8 kHz e)
[   254.721] (II) modeset(0): Modeline "800x600"x0.0   40.00  800 840 968 1056  600 601 605 628 +hsync +vsync (37.9 kHz e)
[   254.721] (II) modeset(0): Modeline "800x600"x0.0   36.00  800 824 896 1024  600 601 603 625 +hsync +vsync (35.2 kHz e)
[   254.721] (II) modeset(0): Modeline "640x480"x0.0   31.50  640 656 720 840  480 481 484 500 -hsync -vsync (37.5 kHz e)
[   254.721] (II) modeset(0): Modeline "640x480"x0.0   25.18  640 656 752 800  480 490 492 525 -hsync -vsync (31.5 kHz e)
[   254.721] (II) modeset(0): Modeline "720x400"x0.0   28.32  720 738 846 900  400 412 414 449 -hsync +vsync (31.5 kHz e)
[   254.721] (II) modeset(0): Modeline "1280x1024"x0.0  135.00  1280 1296 1440 1688  1024 1025 1028 1066 +hsync +vsync (80.0 kHz e)
[   254.721] (II) modeset(0): Modeline "1024x768"x0.0   78.75  1024 1040 1136 1312  768 769 772 800 +hsync +vsync (60.0 kHz e)
[   254.721] (II) modeset(0): Modeline "1024x768"x0.0   75.00  1024 1048 1184 1328  768 771 777 806 -hsync -vsync (56.5 kHz e)
[   254.721] (II) modeset(0): Modeline "1024x768"x0.0   65.00  1024 1048 1184 1344  768 771 777 806 -hsync -vsync (48.4 kHz e)
[   254.721] (II) modeset(0): Modeline "800x600"x0.0   49.50  800 816 896 1056  600 601 604 625 +hsync +vsync (46.9 kHz e)
[   254.721] (II) modeset(0): Modeline "800x600"x0.0   50.00  800 856 976 1040  600 637 643 666 +hsync +vsync (48.1 kHz e)
[   254.721] (II) modeset(0): Modeline "1280x800"x0.0   71.00  1280 1328 1360 1440  800 803 809 823 +hsync -vsync (49.3 kHz e)
[   254.721] (II) modeset(0): Modeline "1280x1024"x0.0  108.00  1280 1328 1440 1688  1024 1025 1028 1066 +hsync +vsync (64.0 kHz e)
[   254.721] (--) modeset(0): HDMI max TMDS frequency 225000KHz
[   257.030] (II) modeset(0): Allocate new frame buffer 1360x768 stride
[   257.849] (II) modeset(0): EDID vendor "SKY", prod id 515
[   257.849] (II) modeset(0): Using hsync ranges from config file
[   257.849] (II) modeset(0): Using vrefresh ranges from config file
[   257.849] (II) modeset(0): Printing DDC gathered Modelines:
[   257.849] (II) modeset(0): Modeline "1360x768"x0.0   85.50  1360 1424 1536 1792  768 771 777 795 +hsync +vsync (47.7 kHz eP)
[   257.849] (II) modeset(0): Modeline "1280x768"x0.0   79.50  1280 1344 1472 1664  768 771 778 798 +hsync +vsync (47.8 kHz e)
[   257.849] (II) modeset(0): Modeline "1280x720"x0.0   74.25  1280 1720 1760 1980  720 725 730 750 +hsync +vsync (37.5 kHz e)
[   257.849] (II) modeset(0): Modeline "1920x1080i"x0.0   74.25  1920 2448 2492 2640  1080 1084 1094 1125 interlace +hsync +vsync (28.1 kHz e)
[   257.849] (II) modeset(0): Modeline "720x480"x0.0   27.00  720 736 798 858  480 489 495 525 +hsync +vsync (31.5 kHz e)
[   257.849] (II) modeset(0): Modeline "1920x1080"x0.0  148.50  1920 2008 2052 2200  1080 1084 1089 1125 +hsync +vsync (67.5 kHz e)
[   257.849] (II) modeset(0): Modeline "720x480"x0.0   27.00  720 736 798 858  480 489 495 525 -hsync -vsync (31.5 kHz e)
[   257.849] (II) modeset(0): Modeline "1280x720"x0.0   74.25  1280 1390 1430 1650  720 725 730 750 +hsync +vsync (45.0 kHz e)
[   257.849] (II) modeset(0): Modeline "1920x1080i"x0.0   74.25  1920 2008 2052 2200  1080 1084 1094 1125 interlace +hsync +vsync (33.8 kHz e)
[   257.849] (II) modeset(0): Modeline "1440x480i"x0.0   27.00  1440 1478 1602 1716  480 488 494 525 interlace -hsync -vsync (15.7 kHz e)
[   257.849] (II) modeset(0): Modeline "720x576"x0.0   27.00  720 732 796 864  576 581 586 625 -hsync -vsync (31.2 kHz e)
[   257.849] (II) modeset(0): Modeline "1440x576i"x0.0   27.00  1440 1464 1590 1728  576 580 586 625 interlace -hsync -vsync (15.6 kHz e)
[   257.849] (II) modeset(0): Modeline "1920x1080"x0.0  148.50  1920 2448 2492 2640  1080 1084 1089 1125 +hsync +vsync (56.2 kHz e)
[   257.849] (II) modeset(0): Modeline "1920x1080"x0.0   74.25  1920 2558 2602 2750  1080 1084 1089 1125 +hsync +vsync (27.0 kHz e)
[   257.849] (II) modeset(0): Modeline "1920x1080"x0.0   74.25  1920 2448 2492 2640  1080 1084 1089 1125 +hsync +vsync (28.1 kHz e)
[   257.849] (II) modeset(0): Modeline "1920x1080"x0.0   74.25  1920 2008 2052 2200  1080 1084 1089 1125 +hsync +vsync (33.8 kHz e)
[   257.849] (II) modeset(0): Modeline "800x600"x0.0   40.00  800 840 968 1056  600 601 605 628 +hsync +vsync (37.9 kHz e)
[   257.849] (II) modeset(0): Modeline "800x600"x0.0   36.00  800 824 896 1024  600 601 603 625 +hsync +vsync (35.2 kHz e)
[   257.849] (II) modeset(0): Modeline "640x480"x0.0   31.50  640 656 720 840  480 481 484 500 -hsync -vsync (37.5 kHz e)
[   257.849] (II) modeset(0): Modeline "640x480"x0.0   25.18  640 656 752 800  480 490 492 525 -hsync -vsync (31.5 kHz e)
[   257.849] (II) modeset(0): Modeline "720x400"x0.0   28.32  720 738 846 900  400 412 414 449 -hsync +vsync (31.5 kHz e)
[   257.849] (II) modeset(0): Modeline "1280x1024"x0.0  135.00  1280 1296 1440 1688  1024 1025 1028 1066 +hsync +vsync (80.0 kHz e)
[   257.849] (II) modeset(0): Modeline "1024x768"x0.0   78.75  1024 1040 1136 1312  768 769 772 800 +hsync +vsync (60.0 kHz e)
[   257.849] (II) modeset(0): Modeline "1024x768"x0.0   75.00  1024 1048 1184 1328  768 771 777 806 -hsync -vsync (56.5 kHz e)
[   257.849] (II) modeset(0): Modeline "1024x768"x0.0   65.00  1024 1048 1184 1344  768 771 777 806 -hsync -vsync (48.4 kHz e)
[   257.849] (II) modeset(0): Modeline "800x600"x0.0   49.50  800 816 896 1056  600 601 604 625 +hsync +vsync (46.9 kHz e)
[   257.849] (II) modeset(0): Modeline "800x600"x0.0   50.00  800 856 976 1040  600 637 643 666 +hsync +vsync (48.1 kHz e)
[   257.850] (II) modeset(0): Modeline "1280x800"x0.0   71.00  1280 1328 1360 1440  800 803 809 823 +hsync -vsync (49.3 kHz e)
[   257.850] (II) modeset(0): Modeline "1280x1024"x0.0  108.00  1280 1328 1440 1688  1024 1025 1028 1066 +hsync +vsync (64.0 kHz e)
[   257.850] (--) modeset(0): HDMI max TMDS frequency 225000KHz
[   971.969] (II) modeset(0): EDID vendor "SKY", prod id 515
[   971.969] (II) modeset(0): Using hsync ranges from config file
[   971.969] (II) modeset(0): Using vrefresh ranges from config file
[   971.969] (II) modeset(0): Printing DDC gathered Modelines:
[   971.969] (II) modeset(0): Modeline "1360x768"x0.0   85.50  1360 1424 1536 1792  768 771 777 795 +hsync +vsync (47.7 kHz eP)
[   971.969] (II) modeset(0): Modeline "1280x768"x0.0   79.50  1280 1344 1472 1664  768 771 778 798 +hsync +vsync (47.8 kHz e)
[   971.969] (II) modeset(0): Modeline "1280x720"x0.0   74.25  1280 1720 1760 1980  720 725 730 750 +hsync +vsync (37.5 kHz e)
[   971.969] (II) modeset(0): Modeline "1920x1080i"x0.0   74.25  1920 2448 2492 2640  1080 1084 1094 1125 interlace +hsync +vsync (28.1 kHz e)
[   971.969] (II) modeset(0): Modeline "720x480"x0.0   27.00  720 736 798 858  480 489 495 525 +hsync +vsync (31.5 kHz e)
[   971.969] (II) modeset(0): Modeline "1920x1080"x0.0  148.50  1920 2008 2052 2200  1080 1084 1089 1125 +hsync +vsync (67.5 kHz e)
[   971.969] (II) modeset(0): Modeline "720x480"x0.0   27.00  720 736 798 858  480 489 495 525 -hsync -vsync (31.5 kHz e)
[   971.969] (II) modeset(0): Modeline "1280x720"x0.0   74.25  1280 1390 1430 1650  720 725 730 750 +hsync +vsync (45.0 kHz e)
[   971.969] (II) modeset(0): Modeline "1920x1080i"x0.0   74.25  1920 2008 2052 2200  1080 1084 1094 1125 interlace +hsync +vsync (33.8 kHz e)
[   971.969] (II) modeset(0): Modeline "1440x480i"x0.0   27.00  1440 1478 1602 1716  480 488 494 525 interlace -hsync -vsync (15.7 kHz e)
[   971.969] (II) modeset(0): Modeline "720x576"x0.0   27.00  720 732 796 864  576 581 586 625 -hsync -vsync (31.2 kHz e)
[   971.969] (II) modeset(0): Modeline "1440x576i"x0.0   27.00  1440 1464 1590 1728  576 580 586 625 interlace -hsync -vsync (15.6 kHz e)
[   971.969] (II) modeset(0): Modeline "1920x1080"x0.0  148.50  1920 2448 2492 2640  1080 1084 1089 1125 +hsync +vsync (56.2 kHz e)
[   971.969] (II) modeset(0): Modeline "1920x1080"x0.0   74.25  1920 2558 2602 2750  1080 1084 1089 1125 +hsync +vsync (27.0 kHz e)
[   971.969] (II) modeset(0): Modeline "1920x1080"x0.0   74.25  1920 2448 2492 2640  1080 1084 1089 1125 +hsync +vsync (28.1 kHz e)
[   971.969] (II) modeset(0): Modeline "1920x1080"x0.0   74.25  1920 2008 2052 2200  1080 1084 1089 1125 +hsync +vsync (33.8 kHz e)
[   971.969] (II) modeset(0): Modeline "800x600"x0.0   40.00  800 840 968 1056  600 601 605 628 +hsync +vsync (37.9 kHz e)
[   971.969] (II) modeset(0): Modeline "800x600"x0.0   36.00  800 824 896 1024  600 601 603 625 +hsync +vsync (35.2 kHz e)
[   971.969] (II) modeset(0): Modeline "640x480"x0.0   31.50  640 656 720 840  480 481 484 500 -hsync -vsync (37.5 kHz e)
[   971.969] (II) modeset(0): Modeline "640x480"x0.0   25.18  640 656 752 800  480 490 492 525 -hsync -vsync (31.5 kHz e)
[   971.969] (II) modeset(0): Modeline "720x400"x0.0   28.32  720 738 846 900  400 412 414 449 -hsync +vsync (31.5 kHz e)
[   971.969] (II) modeset(0): Modeline "1280x1024"x0.0  135.00  1280 1296 1440 1688  1024 1025 1028 1066 +hsync +vsync (80.0 kHz e)
[   971.969] (II) modeset(0): Modeline "1024x768"x0.0   78.75  1024 1040 1136 1312  768 769 772 800 +hsync +vsync (60.0 kHz e)
[   971.969] (II) modeset(0): Modeline "1024x768"x0.0   75.00  1024 1048 1184 1328  768 771 777 806 -hsync -vsync (56.5 kHz e)
[   971.969] (II) modeset(0): Modeline "1024x768"x0.0   65.00  1024 1048 1184 1344  768 771 777 806 -hsync -vsync (48.4 kHz e)
[   971.969] (II) modeset(0): Modeline "800x600"x0.0   49.50  800 816 896 1056  600 601 604 625 +hsync +vsync (46.9 kHz e)
[   971.969] (II) modeset(0): Modeline "800x600"x0.0   50.00  800 856 976 1040  600 637 643 666 +hsync +vsync (48.1 kHz e)
[   971.969] (II) modeset(0): Modeline "1280x800"x0.0   71.00  1280 1328 1360 1440  800 803 809 823 +hsync -vsync (49.3 kHz e)
[   971.969] (II) modeset(0): Modeline "1280x1024"x0.0  108.00  1280 1328 1440 1688  1024 1025 1028 1066 +hsync +vsync (64.0 kHz e)
[   971.969] (--) modeset(0): HDMI max TMDS frequency 225000KHz
[ 18230.310] (EE) event12 - ELAN1300:00 04F3:3057 Touchpad: client bug: event processing lagging behind by 26ms, your system is too slow
[ 24972.595] (II) modeset(0): EDID vendor "SKY", prod id 515
[ 24972.595] (II) modeset(0): Using hsync ranges from config file
[ 24972.595] (II) modeset(0): Using vrefresh ranges from config file
[ 24972.595] (II) modeset(0): Printing DDC gathered Modelines:
[ 24972.595] (II) modeset(0): Modeline "1360x768"x0.0   85.50  1360 1424 1536 1792  768 771 777 795 +hsync +vsync (47.7 kHz eP)
[ 24972.595] (II) modeset(0): Modeline "1280x768"x0.0   79.50  1280 1344 1472 1664  768 771 778 798 +hsync +vsync (47.8 kHz e)
[ 24972.595] (II) modeset(0): Modeline "1280x720"x0.0   74.25  1280 1720 1760 1980  720 725 730 750 +hsync +vsync (37.5 kHz e)
[ 24972.595] (II) modeset(0): Modeline "1920x1080i"x0.0   74.25  1920 2448 2492 2640  1080 1084 1094 1125 interlace +hsync +vsync (28.1 kHz e)
[ 24972.595] (II) modeset(0): Modeline "720x480"x0.0   27.00  720 736 798 858  480 489 495 525 +hsync +vsync (31.5 kHz e)
[ 24972.595] (II) modeset(0): Modeline "1920x1080"x0.0  148.50  1920 2008 2052 2200  1080 1084 1089 1125 +hsync +vsync (67.5 kHz e)
[ 24972.596] (II) modeset(0): Modeline "720x480"x0.0   27.00  720 736 798 858  480 489 495 525 -hsync -vsync (31.5 kHz e)
[ 24972.596] (II) modeset(0): Modeline "1280x720"x0.0   74.25  1280 1390 1430 1650  720 725 730 750 +hsync +vsync (45.0 kHz e)
[ 24972.596] (II) modeset(0): Modeline "1920x1080i"x0.0   74.25  1920 2008 2052 2200  1080 1084 1094 1125 interlace +hsync +vsync (33.8 kHz e)
[ 24972.596] (II) modeset(0): Modeline "1440x480i"x0.0   27.00  1440 1478 1602 1716  480 488 494 525 interlace -hsync -vsync (15.7 kHz e)
[ 24972.596] (II) modeset(0): Modeline "720x576"x0.0   27.00  720 732 796 864  576 581 586 625 -hsync -vsync (31.2 kHz e)
[ 24972.596] (II) modeset(0): Modeline "1440x576i"x0.0   27.00  1440 1464 1590 1728  576 580 586 625 interlace -hsync -vsync (15.6 kHz e)
[ 24972.596] (II) modeset(0): Modeline "1920x1080"x0.0  148.50  1920 2448 2492 2640  1080 1084 1089 1125 +hsync +vsync (56.2 kHz e)
[ 24972.596] (II) modeset(0): Modeline "1920x1080"x0.0   74.25  1920 2558 2602 2750  1080 1084 1089 1125 +hsync +vsync (27.0 kHz e)
[ 24972.596] (II) modeset(0): Modeline "1920x1080"x0.0   74.25  1920 2448 2492 2640  1080 1084 1089 1125 +hsync +vsync (28.1 kHz e)
[ 24972.596] (II) modeset(0): Modeline "1920x1080"x0.0   74.25  1920 2008 2052 2200  1080 1084 1089 1125 +hsync +vsync (33.8 kHz e)
[ 24972.596] (II) modeset(0): Modeline "800x600"x0.0   40.00  800 840 968 1056  600 601 605 628 +hsync +vsync (37.9 kHz e)
[ 24972.596] (II) modeset(0): Modeline "800x600"x0.0   36.00  800 824 896 1024  600 601 603 625 +hsync +vsync (35.2 kHz e)
[ 24972.596] (II) modeset(0): Modeline "640x480"x0.0   31.50  640 656 720 840  480 481 484 500 -hsync -vsync (37.5 kHz e)
[ 24972.596] (II) modeset(0): Modeline "640x480"x0.0   25.18  640 656 752 800  480 490 492 525 -hsync -vsync (31.5 kHz e)
[ 24972.596] (II) modeset(0): Modeline "720x400"x0.0   28.32  720 738 846 900  400 412 414 449 -hsync +vsync (31.5 kHz e)
[ 24972.596] (II) modeset(0): Modeline "1280x1024"x0.0  135.00  1280 1296 1440 1688  1024 1025 1028 1066 +hsync +vsync (80.0 kHz e)
[ 24972.596] (II) modeset(0): Modeline "1024x768"x0.0   78.75  1024 1040 1136 1312  768 769 772 800 +hsync +vsync (60.0 kHz e)
[ 24972.596] (II) modeset(0): Modeline "1024x768"x0.0   75.00  1024 1048 1184 1328  768 771 777 806 -hsync -vsync (56.5 kHz e)
[ 24972.596] (II) modeset(0): Modeline "1024x768"x0.0   65.00  1024 1048 1184 1344  768 771 777 806 -hsync -vsync (48.4 kHz e)
[ 24972.596] (II) modeset(0): Modeline "800x600"x0.0   49.50  800 816 896 1056  600 601 604 625 +hsync +vsync (46.9 kHz e)
[ 24972.596] (II) modeset(0): Modeline "800x600"x0.0   50.00  800 856 976 1040  600 637 643 666 +hsync +vsync (48.1 kHz e)
[ 24972.596] (II) modeset(0): Modeline "1280x800"x0.0   71.00  1280 1328 1360 1440  800 803 809 823 +hsync -vsync (49.3 kHz e)
[ 24972.596] (II) modeset(0): Modeline "1280x1024"x0.0  108.00  1280 1328 1440 1688  1024 1025 1028 1066 +hsync +vsync (64.0 kHz e)
[ 24972.596] (--) modeset(0): HDMI max TMDS frequency 225000KHz
